
Xvnc TigerVNC 1.7.0 - built Apr  9 2017 14:38:13
Copyright (C) 1999-2016 TigerVNC Team and many others (see README.txt)
See http://www.tigervnc.org for information on TigerVNC.
Underlying X server release 11903000, The X.Org Foundation


Wed Aug 30 13:56:20 2017
 vncext:      VNC extension running!
 vncext:      Listening for VNC connections on local interface(s), port 5902
 vncext:      created VNC server for screen 0
xfce4-session: Another session manager is already running

Wed Aug 30 13:56:29 2017
 Connections: accepted: [::1]::33920
 SConnection: Client needs protocol version 3.8
 SConnection: Client requests security type VncAuth(2)
 VNCSConnST:  Server default pixel format depth 24 (32bpp) little-endian rgb888

Wed Aug 30 13:56:30 2017
 VNCSConnST:  Client pixel format depth 24 (32bpp) little-endian rgb888

Wed Aug 30 13:56:58 2017
 Connections: closed: [::1]::33920 (Clean disconnection)
 EncodeManager: Framebuffer updates: 245
 EncodeManager:   Tight:
 EncodeManager:     Solid: 2.084 krects, 17.5087 Mpixels
 EncodeManager:            32.5625 KiB (1:2101.12 ratio)
 EncodeManager:     Bitmap RLE: 512 rects, 256.541 kpixels
 EncodeManager:                 16.8564 KiB (1:59.8058 ratio)
 EncodeManager:     Indexed RLE: 854 rects, 1.24654 Mpixels
 EncodeManager:                  69.8604 KiB (1:69.8434 ratio)
 EncodeManager:   Tight (JPEG):
 EncodeManager:     Full Colour: 460 rects, 6.30025 Mpixels
 EncodeManager:                  6.21789 MiB (1:3.86608 ratio)
 EncodeManager:   Total: 3.91 krects, 25.312 Mpixels
 EncodeManager:          6.33437 MiB (1:15.2505 ratio)
XIO:  fatal IO error 11 (Resource temporarily unavailable) on X server ":2"
      after 722 requests (721 known processed) with 0 events remaining.

Xvnc TigerVNC 1.7.0 - built Apr  9 2017 14:38:13
Copyright (C) 1999-2016 TigerVNC Team and many others (see README.txt)
See http://www.tigervnc.org for information on TigerVNC.
Underlying X server release 11903000, The X.Org Foundation


Wed Aug 30 14:05:29 2017
 vncext:      VNC extension running!
 vncext:      Listening for VNC connections on local interface(s), port 5902
 vncext:      created VNC server for screen 0
XIO:  fatal IO error 11 (Resource temporarily unavailable) on X server ":2"
      after 173 requests (173 known processed) with 0 events remaining.
Killing Xtigervnc process ID 21387... which seems to be deadlocked. Using SIGKILL!

Xvnc TigerVNC 1.7.0 - built Apr  9 2017 14:38:13
Copyright (C) 1999-2016 TigerVNC Team and many others (see README.txt)
See http://www.tigervnc.org for information on TigerVNC.
Underlying X server release 11903000, The X.Org Foundation


Wed Aug 30 14:06:06 2017
 vncext:      VNC extension running!
 vncext:      Listening for VNC connections on local interface(s), port 5902
 vncext:      created VNC server for screen 0
XIO:  fatal IO error 11 (Resource temporarily unavailable) on X server ":2"
      after 173 requests (173 known processed) with 0 events remaining.
Killing Xtigervnc process ID 21496... which seems to be deadlocked. Using SIGKILL!

Xvnc TigerVNC 1.7.0 - built Apr  9 2017 14:38:13
Copyright (C) 1999-2016 TigerVNC Team and many others (see README.txt)
See http://www.tigervnc.org for information on TigerVNC.
Underlying X server release 11903000, The X.Org Foundation


Wed Aug 30 14:06:29 2017
 vncext:      VNC extension running!
 vncext:      Listening for VNC connections on local interface(s), port 5902
 vncext:      created VNC server for screen 0
XIO:  fatal IO error 11 (Resource temporarily unavailable) on X server ":2"
      after 173 requests (173 known processed) with 0 events remaining.
Killing Xtigervnc process ID 21585... which seems to be deadlocked. Using SIGKILL!

Xvnc TigerVNC 1.7.0 - built Apr  9 2017 14:38:13
Copyright (C) 1999-2016 TigerVNC Team and many others (see README.txt)
See http://www.tigervnc.org for information on TigerVNC.
Underlying X server release 11903000, The X.Org Foundation


Wed Aug 30 14:10:42 2017
 vncext:      VNC extension running!
 vncext:      Listening for VNC connections on local interface(s), port 5902
 vncext:      created VNC server for screen 0
xfce4-session: Another session manager is already running

Wed Aug 30 14:10:54 2017
 Connections: accepted: [::1]::34452
 SConnection: Client needs protocol version 3.8
 SConnection: Client requests security type VncAuth(2)
 VNCSConnST:  Server default pixel format depth 24 (32bpp) little-endian rgb888
 VNCSConnST:  Client pixel format depth 24 (32bpp) little-endian rgb888

Wed Aug 30 14:11:04 2017
 Connections: closed: [::1]::34452 (Clean disconnection)
 EncodeManager: Framebuffer updates: 1
 EncodeManager:   Tight:
 EncodeManager:     Solid: 1 rects, 2.28 Mpixels
 EncodeManager:            16 B (1:570001 ratio)
 EncodeManager:   Total: 1 rects, 2.28 Mpixels
 EncodeManager:          16 B (1:570001 ratio)

Xvnc TigerVNC 1.7.0 - built Apr  9 2017 14:38:13
Copyright (C) 1999-2016 TigerVNC Team and many others (see README.txt)
See http://www.tigervnc.org for information on TigerVNC.
Underlying X server release 11903000, The X.Org Foundation


Wed Aug 30 14:25:00 2017
 vncext:      VNC extension running!
 vncext:      Listening for VNC connections on local interface(s), port 5902
 vncext:      created VNC server for screen 0

Wed Aug 30 14:25:08 2017
 Connections: accepted: [::1]::34526
 SConnection: Client needs protocol version 3.8
 SConnection: Client requests security type VncAuth(2)
 VNCSConnST:  Server default pixel format depth 24 (32bpp) little-endian rgb888
 VNCSConnST:  Client pixel format depth 24 (32bpp) little-endian rgb888

Wed Aug 30 14:27:17 2017
 Connections: closed: [::1]::34526 (read: Connection reset by peer (104))
 EncodeManager: Framebuffer updates: 8025
 EncodeManager:   Tight:
 EncodeManager:     Solid: 2 rects, 2.27992 Mpixels
 EncodeManager:            32 B (1:284991 ratio)
 EncodeManager:     Bitmap RLE: 1 rects, 80 pixels
 EncodeManager:                 41 B (1:8.09756 ratio)
 EncodeManager:   Total: 3 rects, 2.28 Mpixels
 EncodeManager:          73 B (1:124932 ratio)
xfwm4: Fatal IO error 11 (Resource temporarily unavailable) on X server :2.

Xvnc TigerVNC 1.7.0 - built Apr  9 2017 14:38:13
Copyright (C) 1999-2016 TigerVNC Team and many others (see README.txt)
See http://www.tigervnc.org for information on TigerVNC.
Underlying X server release 11903000, The X.Org Foundation


Wed Aug 30 14:29:33 2017
 vncext:      VNC extension running!
 vncext:      Listening for VNC connections on local interface(s), port 5902
 vncext:      created VNC server for screen 0
/usr/bin/startxfce4: X server already running on display :2
xfce4-session: Another session manager is already running

Wed Aug 30 14:29:42 2017
 Connections: accepted: [::1]::34628
 SConnection: Client needs protocol version 3.8
 SConnection: Client requests security type VncAuth(2)
 VNCSConnST:  Server default pixel format depth 24 (32bpp) little-endian rgb888
 VNCSConnST:  Client pixel format depth 24 (32bpp) little-endian rgb888

Wed Aug 30 14:30:11 2017
 Connections: closed: [::1]::34628 (Clean disconnection)
 EncodeManager: Framebuffer updates: 53
 EncodeManager:   Tight:
 EncodeManager:     Solid: 48 rects, 2.60051 Mpixels
 EncodeManager:            768 B (1:13545 ratio)
 EncodeManager:     Bitmap RLE: 32 rects, 17.929 kpixels
 EncodeManager:                 1.82812 KiB (1:38.515 ratio)
 EncodeManager:     Indexed RLE: 11 rects, 35.334 kpixels
 EncodeManager:                  2.66992 KiB (1:51.744 ratio)
 EncodeManager:   Total: 91 rects, 2.65377 Mpixels
 EncodeManager:          5.24805 KiB (1:1975.47 ratio)
XIO:  fatal IO error 11 (Resource temporarily unavailable) on X server ":2"
      after 216 requests (216 known processed) with 0 events remaining.

Xvnc TigerVNC 1.7.0 - built Apr  9 2017 14:38:13
Copyright (C) 1999-2016 TigerVNC Team and many others (see README.txt)
See http://www.tigervnc.org for information on TigerVNC.
Underlying X server release 11903000, The X.Org Foundation


Wed Aug 30 14:32:38 2017
 vncext:      VNC extension running!
 vncext:      Listening for VNC connections on local interface(s), port 5902
 vncext:      created VNC server for screen 0

Wed Aug 30 14:32:43 2017
 Connections: accepted: [::1]::34642
 SConnection: Client needs protocol version 3.8
 SConnection: Client requests security type VncAuth(2)
 VNCSConnST:  Server default pixel format depth 24 (32bpp) little-endian rgb888
 VNCSConnST:  Client pixel format depth 24 (32bpp) little-endian rgb888

(xfce4-terminal:23190): Gtk-WARNING **: Allocating size to GtkScrollbar 0x5585bfcc0540 without calling gtk_widget_get_preferred_width/height(). How does the code know the size to allocate?

(xfce4-terminal:23190): Gtk-WARNING **: Allocating size to GtkScrollbar 0x5585bfcc0540 without calling gtk_widget_get_preferred_width/height(). How does the code know the size to allocate?

(xfce4-terminal:23190): Gtk-WARNING **: Allocating size to GtkScrollbar 0x5585bfcc0540 without calling gtk_widget_get_preferred_width/height(). How does the code know the size to allocate?

(xfce4-terminal:23190): Gtk-WARNING **: Allocating size to GtkScrollbar 0x5585bfcc0540 without calling gtk_widget_get_preferred_width/height(). How does the code know the size to allocate?

Wed Aug 30 14:36:56 2017
 Connections: closed: [::1]::34642 (read: Connection reset by peer (104))
 EncodeManager: Framebuffer updates: 4344
 EncodeManager:   CopyRect:
 EncodeManager:     Copies: 2 rects, 784.696 kpixels
 EncodeManager:             32 B (1:98087.8 ratio)
 EncodeManager:   Tight:
 EncodeManager:     Solid: 5.796 krects, 66.4429 Mpixels
 EncodeManager:            90.5625 KiB (1:2866.64 ratio)
 EncodeManager:     Bitmap RLE: 227 rects, 416.088 kpixels
 EncodeManager:                 9.1875 KiB (1:177.198 ratio)
 EncodeManager:     Indexed RLE: 4.565 krects, 9.74861 Mpixels
 EncodeManager:                  731.19 KiB (1:52.1533 ratio)
 EncodeManager:   Tight (JPEG):
 EncodeManager:     Full Colour: 3.273 krects, 35.7396 Mpixels
 EncodeManager:                  15.4167 MiB (1:8.8458 ratio)
 EncodeManager:   Total: 13.863 krects, 113.132 Mpixels
 EncodeManager:          16.2282 MiB (1:26.6032 ratio)
xfwm4: Fatal IO error 104 (Connection reset by peer) on X server :2.
XIO:  fatal IO error 11 (Resource temporarily unavailable) on X server ":2"
      after 179 requests (179 known processed) with 2 events remaining.
