
Xvnc TigerVNC 1.7.0 - built Apr  9 2017 14:38:13
Copyright (C) 1999-2016 TigerVNC Team and many others (see README.txt)
See http://www.tigervnc.org for information on TigerVNC.
Underlying X server release 11903000, The X.Org Foundation


Wed Aug 30 14:30:16 2017
 vncext:      VNC extension running!
 vncext:      Listening for VNC connections on local interface(s), port 5903
 vncext:      created VNC server for screen 0
/usr/bin/startxfce4: X server already running on display :3
xfce4-session: Another session manager is already running

Wed Aug 30 14:30:20 2017
 Connections: accepted: [::1]::57232
 SConnection: Client needs protocol version 3.8
 SConnection: Client requests security type VncAuth(2)
 VNCSConnST:  Server default pixel format depth 24 (32bpp) little-endian rgb888
 VNCSConnST:  Client pixel format depth 24 (32bpp) little-endian rgb888

Wed Aug 30 14:30:26 2017
 Connections: closed: [::1]::57232 (Clean disconnection)
 EncodeManager: Framebuffer updates: 15
 EncodeManager:   Tight:
 EncodeManager:     Solid: 18 rects, 2.42013 Mpixels
 EncodeManager:            288 B (1:33613.7 ratio)
 EncodeManager:     Bitmap RLE: 20 rects, 10.659 kpixels
 EncodeManager:                 1.2002 KiB (1:34.8869 ratio)
 EncodeManager:     Indexed RLE: 7 rects, 14.664 kpixels
 EncodeManager:                  897 B (1:65.4849 ratio)
 EncodeManager:   Total: 45 rects, 2.44545 Mpixels
 EncodeManager:          2.35742 KiB (1:4052.34 ratio)
XIO:  fatal IO error 11 (Resource temporarily unavailable) on X server ":3"
      after 209 requests (208 known processed) with 0 events remaining.
